Using pre-set license
Built from '2021.1/staging' branch; Version is '2021.1.24f1 (6667702a1e7c) revision 6711152'; Using compiler version '192528614'; Build Type 'Release'
OS: 'Windows 10 Home; OS build 19044.2486; Version 2009; 64bit' Language: 'ja' Physical Memory: 15790 MB
BatchMode: 1, IsHumanControllingUs: 0, StartBugReporterOnCrash: 0, Is64bit: 1, IsPro: 0

COMMAND LINE ARGUMENTS:
C:\Program Files\Unity\Hub\Editor\2021.1.24f1\Editor\Unity.exe
-adb2
-batchMode
-noUpm
-name
AssetImportWorker0
-projectPath
C:/Users/kouki/Downloads/Tetris-master/Tetris-master
-logFile
Logs/AssetImportWorker0.log
-srvPort
62496
Successfully changed project path to: C:/Users/kouki/Downloads/Tetris-master/Tetris-master
C:/Users/kouki/Downloads/Tetris-master/Tetris-master
Using Asset Import Pipeline V2.
Refreshing native plugins compatible for Editor in 52.46 ms, found 2 plugins.
Preloading 0 native plugins for Editor in 0.00 ms.
Initialize engine version: 2021.1.24f1 (6667702a1e7c)
[Subsystems] Discovering subsystems at path C:/Program Files/Unity/Hub/Editor/2021.1.24f1/Editor/Data/Resources/UnitySubsystems
[Subsystems] Discovering subsystems at path C:/Users/kouki/Downloads/Tetris-master/Tetris-master/Assets
GfxDevice: creating device client; threaded=0; jobified=0
Direct3D:
    Version:  Direct3D 11.0 [level 11.1]
    Renderer: NVIDIA GeForce RTX 3060 Laptop GPU (ID=0x2520)
    Vendor:   NVIDIA
    VRAM:     6023 MB
    Driver:   30.0.15.1289
Initialize mono
Mono path[0] = 'C:/Program Files/Unity/Hub/Editor/2021.1.24f1/Editor/Data/Managed'
Mono path[1] = 'C:/Program Files/Unity/Hub/Editor/2021.1.24f1/Editor/Data/MonoBleedingEdge/lib/mono/unityjit'
Mono config path = 'C:/Program Files/Unity/Hub/Editor/2021.1.24f1/Editor/Data/MonoBleedingEdge/etc'
Using monoOptions --debugger-agent=transport=dt_socket,embedding=1,server=y,suspend=n,address=127.0.0.1:56256
Begin MonoManager ReloadAssembly
Registering precompiled unity dll's ...
Register platform support module: C:/Program Files/Unity/Hub/Editor/2021.1.24f1/Editor/Data/PlaybackEngines/WindowsStandaloneSupport/UnityEditor.WindowsStandalone.Extensions.dll
Registered in 0.001795 seconds.
Native extension for WindowsStandalone target not found
Refreshing native plugins compatible for Editor in 43.45 ms, found 2 plugins.
Preloading 0 native plugins for Editor in 0.00 ms.
Mono: successfully reloaded assembly
- Completed reload, in  1.038 seconds
Domain Reload Profiling:
	ReloadAssembly (1038ms)
		BeginReloadAssembly (55ms)
			ExecutionOrderSort (0ms)
			DisableScriptedObjects (0ms)
			BackupInstance (0ms)
			ReleaseScriptingObjects (0ms)
			CreateAndSetChildDomain (1ms)
		EndReloadAssembly (371ms)
			LoadAssemblies (53ms)
			RebuildTransferFunctionScriptingTraits (0ms)
			SetupTypeCache (141ms)
			ReleaseScriptCaches (0ms)
			RebuildScriptCaches (26ms)
			SetupLoadedEditorAssemblies (162ms)
				LogAssemblyErrors (0ms)
				InitializePlatformSupportModulesInManaged (5ms)
				SetLoadedEditorAssemblies (0ms)
				RefreshPlugins (44ms)
				BeforeProcessingInitializeOnLoad (1ms)
				ProcessInitializeOnLoadAttributes (85ms)
				ProcessInitializeOnLoadMethodAttributes (27ms)
				AfterProcessingInitializeOnLoad (0ms)
				EditorAssembliesLoaded (0ms)
			ExecutionOrderSort2 (0ms)
			AwakeInstancesAfterBackupRestoration (0ms)
Platform modules already initialized, skipping
Registering precompiled user dll's ...
Registered in 0.007253 seconds.
Begin MonoManager ReloadAssembly
Native extension for WindowsStandalone target not found
Refreshing native plugins compatible for Editor in 0.69 ms, found 2 plugins.
Preloading 0 native plugins for Editor in 0.00 ms.
Mono: successfully reloaded assembly
- Completed reload, in  1.018 seconds
Domain Reload Profiling:
	ReloadAssembly (1019ms)
		BeginReloadAssembly (149ms)
			ExecutionOrderSort (0ms)
			DisableScriptedObjects (4ms)
			BackupInstance (0ms)
			ReleaseScriptingObjects (0ms)
			CreateAndSetChildDomain (18ms)
		EndReloadAssembly (812ms)
			LoadAssemblies (90ms)
			RebuildTransferFunctionScriptingTraits (0ms)
			SetupTypeCache (251ms)
			ReleaseScriptCaches (0ms)
			RebuildScriptCaches (41ms)
			SetupLoadedEditorAssemblies (354ms)
				LogAssemblyErrors (0ms)
				InitializePlatformSupportModulesInManaged (4ms)
				SetLoadedEditorAssemblies (0ms)
				RefreshPlugins (1ms)
				BeforeProcessingInitializeOnLoad (56ms)
				ProcessInitializeOnLoadAttributes (224ms)
				ProcessInitializeOnLoadMethodAttributes (62ms)
				AfterProcessingInitializeOnLoad (6ms)
				EditorAssembliesLoaded (0ms)
			ExecutionOrderSort2 (0ms)
			AwakeInstancesAfterBackupRestoration (6ms)
Platform modules already initialized, skipping
========================================================================
Worker process is ready to serve import requests
Launched and connected shader compiler UnityShaderCompiler.exe after 0.09 seconds
Refreshing native plugins compatible for Editor in 0.66 ms, found 2 plugins.
Preloading 0 native plugins for Editor in 0.00 ms.
Unloading 2132 Unused Serialized files (Serialized files now loaded: 0)
System memory in use before: 90.8 MB.
System memory in use after: 90.9 MB.

Unloading 64 unused Assets to reduce memory usage. Loaded Objects now: 2558.
Total: 6.438000 ms (FindLiveObjects: 0.219500 ms CreateObjectMapping: 0.092700 ms MarkObjects: 6.036800 ms  DeleteObjects: 0.087000 ms)

AssetImportParameters requested are different than current active one (requested -> active):
  custom:framework-win-MediaFoundation: 216162199b28c13a410421893ffa2e32 -> 
  custom:video-decoder-ogg-theora: a1e56fd34408186e4bbccfd4996cb3dc -> 
  custom:container-muxer-webm: aa71ff27fc2769a1b78a27578f13a17b -> 
  custom:container-demuxer-webm: 4f35f7cbe854078d1ac9338744f61a02 -> 
  custom:container-demuxer-ogg: 62fdf1f143b41e24485cea50d1cbac27 -> 
  custom:video-encoder-webm-vp8: eb34c28f22e8b96e1ab97ce403110664 -> 
  custom:video-codec-MediaFoundation-h265: 746d11721c4dcdbdad8f713fa42b33f4 -> 
  custom:video-decoder-webm-vp8: 9c59270c3fd7afecdb556c50c9e8de78 -> 
  custom:audio-decoder-ogg-vorbis: bf7c407c2cedff20999df2af8eb42d56 -> 
  custom:audio-encoder-webm-vorbis: bf7c407c2cedff20999df2af8eb42d56 -> 
========================================================================
Received Import Request.
  path: Assets/Audio/Drop.wav
  artifactKey: Guid(df98ec090b11487438b996d58e9342aa) Importer(815301076,1909f56bfc062723c751e8b465ee728b)
Start importing Assets/Audio/Drop.wav using Guid(df98ec090b11487438b996d58e9342aa) Importer(815301076,1909f56bfc062723c751e8b465ee728b)  -> (artifact id: '6ed18fac269b57a28c7fea7e08043d1e') in 0.123739 seconds 
========================================================================
Received Import Request.
  Time since last request: 0.000270 seconds.
  path: Assets/Audio/Lineclear.wav
  artifactKey: Guid(d14745772c2930b4b9f8e459b066cab8) Importer(815301076,1909f56bfc062723c751e8b465ee728b)
Start importing Assets/Audio/Lineclear.wav using Guid(d14745772c2930b4b9f8e459b066cab8) Importer(815301076,1909f56bfc062723c751e8b465ee728b)  -> (artifact id: '1771e179f2de6aa6bcf2a1856f6b634d') in 0.013600 seconds 
========================================================================
Received Import Request.
  Time since last request: 0.000213 seconds.
  path: Assets/Audio/Cursor.wav
  artifactKey: Guid(ef714803c9fd0c14bbc1ddff6743785e) Importer(815301076,1909f56bfc062723c751e8b465ee728b)
Start importing Assets/Audio/Cursor.wav using Guid(ef714803c9fd0c14bbc1ddff6743785e) Importer(815301076,1909f56bfc062723c751e8b465ee728b)  -> (artifact id: '32740319c2070cf02010491dc2b5be0f') in 0.011905 seconds 
========================================================================
Received Import Request.
  Time since last request: 0.000239 seconds.
  path: Assets/Audio/Balloon.wav
  artifactKey: Guid(792f86c16893c4e4ea54613089483a52) Importer(815301076,1909f56bfc062723c751e8b465ee728b)
Start importing Assets/Audio/Balloon.wav using Guid(792f86c16893c4e4ea54613089483a52) Importer(815301076,1909f56bfc062723c751e8b465ee728b)  -> (artifact id: 'e19ba9c92b1c7649f824cc70c380b231') in 0.014278 seconds 
========================================================================
Received Import Request.
  Time since last request: 1.470737 seconds.
  path: Assets/Prefabs
  artifactKey: Guid(0d9f0263439c84846836d0ba7760fa37) Importer(815301076,1909f56bfc062723c751e8b465ee728b)
Start importing Assets/Prefabs using Guid(0d9f0263439c84846836d0ba7760fa37) Importer(815301076,1909f56bfc062723c751e8b465ee728b)  -> (artifact id: 'f3599141e78be897b10d1e4661af3a1d') in 0.006678 seconds 
========================================================================
Received Import Request.
  Time since last request: 0.332237 seconds.
  path: Assets/Prefabs/GameObject.prefab
  artifactKey: Guid(8a06e5fd7821bee4a91b7a40539cf104) Importer(815301076,1909f56bfc062723c751e8b465ee728b)
Start importing Assets/Prefabs/GameObject.prefab using Guid(8a06e5fd7821bee4a91b7a40539cf104) Importer(815301076,1909f56bfc062723c751e8b465ee728b)  -> (artifact id: 'a6e140ff3385e6cb41b8166f98ddb9f7') in 0.041691 seconds 
========================================================================
Received Import Request.
  Time since last request: 0.000228 seconds.
  path: Assets/Prefabs/PlayPanel.prefab
  artifactKey: Guid(cdde80ff03188b24faad5b9bb6a2e75c) Importer(815301076,1909f56bfc062723c751e8b465ee728b)
Start importing Assets/Prefabs/PlayPanel.prefab using Guid(cdde80ff03188b24faad5b9bb6a2e75c) Importer(815301076,1909f56bfc062723c751e8b465ee728b)  -> (artifact id: '9e47b828c24e16189262d13e47b54475') in 0.022951 seconds 
